Type POST, Date [10/Feb/2023:22:17:52 +0000], StatusCode 200
Type POST, Date [2023-02-10T22:24:50.643Z], StatusCode 203
Type POST, Date [Fri, 10 Feb 2023 22:25:24 GMT], StatusCode 200
Type POST, Date [2023-02-12T22:57:24+01:00], StatusCode 401
Type POST, Date [+01:00], StatusCode 401
Type POST, Date [2023-02-12 23:01 +0100], StatusCode 200
Type POST, Date [2023-02-12 23:05 +0100], StatusCode 401
Type POST, Date [2023-02-12 23:05 +0100], StatusCode 401
Type POST, Date [2023-02-12 23:10 +0100], StatusCode 200
Type POST, Date [2023-02-12 23:11 +0100], StatusCode 200
Type POST, Date [2023-02-12 23:14 +0100], StatusCode 200
Type POST, Date [2023-02-13 10:05 +0100], StatusCode 200
Type GET, Date [2023-02-13 10:50 +0100], StatusCode 200
Type POST, Date [2023-02-13 10:51 +0100], StatusCode 200
Type POST, Date [2023-02-13 10:57 +0100], StatusCode 200
Type POST, Date [2023-02-13 13:11 +0100], StatusCode 200
Type POST, Date [2023-02-13 13:21 +0100], StatusCode 200
Type POST, Date [2023-02-13 13:27 +0100], StatusCode 200
Type POST, Date [2023-02-13 13:29 +0100], StatusCode 200
Type POST, Date [2023-02-13 13:40 +0100], StatusCode 200
Type POST, Date [2023-02-13 14:02 +0100], StatusCode 200
Type POST, Date [2023-02-13 14:08 +0100], StatusCode 200
Type POST, Date [2023-02-13 14:19 +0100], StatusCode 200
Type POST, Date [2023-02-13 14:29 +0100], StatusCode 200
Type POST, Date [2023-02-13 14:39 +0100], StatusCode 200
Type GET, Date [2023-02-13 14:44 +0100], StatusCode 401
Type GET, Date [2023-02-13 14:44 +0100], StatusCode 401
Type GET, Date [2023-02-13 14:44 +0100], StatusCode 401
Type GET, Date [2023-02-13 14:44 +0100], StatusCode 401
Type POST, Date [2023-02-13 14:44 +0100], StatusCode 200
Type GET, Date [2023-02-13 14:44 +0100], StatusCode 401
Type GET, Date [2023-02-13 14:44 +0100], StatusCode 401
Type GET, Date [2023-02-13 14:45 +0100], StatusCode 304
Type GET, Date [2023-02-13 14:45 +0100], StatusCode 304
Type GET, Date [2023-02-13 14:48 +0100], StatusCode 401
Type GET, Date [2023-02-13 14:48 +0100], StatusCode 401
Type POST, Date [2023-02-13 14:56 +0100], StatusCode 200
Type GET, Date [2023-02-13 14:56 +0100], StatusCode 401
Type GET, Date [2023-02-13 14:56 +0100], StatusCode 401
Type GET, Date [2023-02-13 14:57 +0100], StatusCode 403
Type GET, Date [2023-02-13 14:57 +0100], StatusCode 403
Type GET, Date [2023-02-13 14:57 +0100], StatusCode 403
Type GET, Date [2023-02-13 14:57 +0100], StatusCode 403
Type GET, Date [2023-02-13 14:58 +0100], StatusCode 403
Type GET, Date [2023-02-13 14:58 +0100], StatusCode 403
Type GET, Date [2023-02-13 14:58 +0100], StatusCode 403
Type GET, Date [2023-02-13 14:58 +0100], StatusCode 403
Type GET, Date [2023-02-13 14:59 +0100], StatusCode 403
Type GET, Date [2023-02-13 14:59 +0100], StatusCode 403
Type POST, Date [2023-02-13 15:01 +0100], StatusCode 200
Type GET, Date [2023-02-13 15:01 +0100], StatusCode 200
Type GET, Date [2023-02-13 15:01 +0100], StatusCode 304
Type POST, Date [2023-02-13 15:02 +0100], StatusCode 203
Type POST, Date [2023-02-13 15:02 +0100], StatusCode 200
Type GET, Date [2023-02-13 15:02 +0100], StatusCode 304
Type GET, Date [2023-02-13 15:02 +0100], StatusCode 304
Type GET, Date [2023-02-13 15:03 +0100], StatusCode 200
Type GET, Date [2023-02-13 15:03 +0100], StatusCode 304
Type GET, Date [2023-02-13 15:05 +0100], StatusCode 304
Type GET, Date [2023-02-13 15:05 +0100], StatusCode 304
Type POST, Date [2023-02-13 15:18 +0100], StatusCode 200
Type GET, Date [2023-02-13 15:18 +0100], StatusCode 304
Type GET, Date [2023-02-13 15:18 +0100], StatusCode 304
